<?xml version="1.0" encoding="UTF-8"?>
<!-- Generated by org.testng.reporters.JUnitReportReporter -->
<testsuite hostname="ULTP_498" name="testCases.Login" tests="1" failures="0" timestamp="4 Jul 2017 10:12:01 GMT" time="36.789" errors="0">
  <testcase name="adminLogin" time="36.789" classname="testCases.Login"/>
</testsuite> <!-- testCases.Login -->
