<?xml version="1.0" encoding="UTF-8"?>
<!-- Generated by org.testng.reporters.JUnitReportReporter -->
<testsuite hostname="ULTP_498" name="testCases.TestDemo" tests="1" failures="0" timestamp="4 Aug 2017 06:39:13 GMT" time="0.116" errors="0">
  <testcase name="demo" time="0.116" classname="testCases.TestDemo"/>
</testsuite> <!-- testCases.TestDemo -->
