<?xml version="1.0" encoding="UTF-8"?>
<!-- Generated by org.testng.reporters.JUnitReportReporter -->
<testsuite hostname="ULTP_498" name="testCases.AlertTestDemo" tests="1" failures="0" timestamp="5 Jul 2017 07:11:07 GMT" time="22.347" errors="0">
  <testcase name="f" time="22.347" classname="testCases.AlertTestDemo"/>
</testsuite> <!-- testCases.AlertTestDemo -->
